<?xml version="1.0" encoding="UTF-8"?>
<testng-results skipped="0" failed="0" ignored="0" total="1" passed="1">
  <reporter-output>
  </reporter-output>
  <suite name="Suite" duration-ms="17046" started-at="2020-02-05T13:04:28 IST" finished-at="2020-02-05T13:04:45 IST">
    <groups>
    </groups>
    <test name="Test" duration-ms="17046" started-at="2020-02-05T13:04:28 IST" finished-at="2020-02-05T13:04:45 IST">
      <class name="com.demo.qa.testcases.LoginPageTest">
        <test-method status="PASS" signature="setUp()[pri:0, instance:com.demo.qa.testcases.LoginPageTest@9660f4e]" name="setUp" is-config="true" duration-ms="16335" started-at="2020-02-05T13:04:28 IST" finished-at="2020-02-05T13:04:45 IST">
          <reporter-output>
          </reporter-output>
        </test-method> <!-- setUp -->
        <test-method status="PASS" signature="loginPageTitleTest()[pri:0, instance:com.demo.qa.testcases.LoginPageTest@9660f4e]" name="loginPageTitleTest" duration-ms="20" started-at="2020-02-05T13:04:45 IST" finished-at="2020-02-05T13:04:45 IST">
          <reporter-output>
          </reporter-output>
        </test-method> <!-- loginPageTitleTest -->
        <test-method status="PASS" signature="tearDown()[pri:0, instance:com.demo.qa.testcases.LoginPageTest@9660f4e]" name="tearDown" is-config="true" duration-ms="656" started-at="2020-02-05T13:04:45 IST" finished-at="2020-02-05T13:04:45 IST">
          <reporter-output>
          </reporter-output>
        </test-method> <!-- tearDown -->
      </class> <!-- com.demo.qa.testcases.LoginPageTest -->
    </test> <!-- Test -->
  </suite> <!-- Suite -->
</testng-results>
